2020-03-28T18:13:28+00:00 CRITICAL require_once(): Failed opening required 'C:\xampp\htdocs\wordpress\wp-content\plugins\insert-php\includes\shortcodes/Wallet.php' (include_path='C:\xampp\php\PEAR') in C:\xampp\htdocs\wordpress\wp-content\plugins\insert-php\includes\shortcodes\shortcode-php.php(52) : eval()'d code on line 27

2020-03-28T18:15:35+00:00 CRITICAL require_once(): Failed opening required 'C:\xampp\htdocs\wordpress\wp-content\plugins\insert-php\includes\shortcodes/Wallet.php' (include_path='C:\xampp\php\PEAR') in C:\xampp\htdocs\wordpress\wp-content\plugins\insert-php\includes\shortcodes\shortcode-php.php(52) : eval()'d code on line 33

2020-03-28T18:15:44+00:00 CRITICAL require_once(): Failed opening required 'C:\xampp\htdocs\wordpress\wp-content\plugins\insert-php\includes\shortcodes/Wallet.php' (include_path='C:\xampp\php\PEAR') in C:\xampp\htdocs\wordpress\wp-content\plugins\insert-php\includes\shortcodes\shortcode-php.php(52) : eval()'d code on line 33

2020-03-28T18:21:12+00:00 CRITICAL require_once(): Failed opening required 'C:\xampp\htdocs\wordpress\wp-content\plugins\insert-php\includes\shortcodes/wpcontent/plugins/FS_WooCommerce_Wallet/includes/pages/Wallet.php' (include_path='C:\xampp\php\PEAR') in C:\xampp\htdocs\wordpress\wp-content\plugins\insert-php\includes\shortcodes\shortcode-php.php(52) : eval()'d code on line 33

2020-03-28T19:04:16+00:00 CRITICAL Cannot declare class Wallet, because the name is already in use in C:\xampp\htdocs\wordpress\wp-content\plugins\FS_WooCommerce_Wallet\includes\classes\Wallet.php on line 3

2020-03-28T19:09:18+00:00 CRITICAL Cannot declare class Wallet, because the name is already in use in C:\xampp\htdocs\wordpress\wp-content\plugins\FS_WooCommerce_Wallet\includes\Wallet.php on line 3

2020-03-28T19:10:13+00:00 CRITICAL Cannot declare class Wallet, because the name is already in use in C:\xampp\htdocs\wordpress\wp-content\plugins\FS_WooCommerce_Wallet\includes\Wallet.php on line 3

2020-03-28T19:19:53+00:00 CRITICAL Cannot declare class Wallet, because the name is already in use in C:\xampp\htdocs\wordpress\wp-content\plugins\FS_WooCommerce_Wallet\includes\Wallet.php on line 3

2020-03-28T19:20:40+00:00 CRITICAL Cannot declare class Wallet, because the name is already in use in C:\xampp\htdocs\wordpress\wp-content\plugins\FS_WooCommerce_Wallet\includes\Wallet.php on line 3

2020-03-28T19:22:22+00:00 CRITICAL Cannot declare class Wallet, because the name is already in use in C:\xampp\htdocs\wordpress\wp-content\plugins\FS_WooCommerce_Wallet\includes\Wallet.php on line 3

2020-03-28T19:30:12+00:00 CRITICAL require_once(): Failed opening required 'C:\xampp\htdocs\wordpress\wp-content\plugins\insert-php\includes\shortcodes/Wallet.php' (include_path='C:\xampp\php\PEAR') in C:\xampp\htdocs\wordpress\wp-content\plugins\insert-php\includes\shortcodes\shortcode-php.php(52) : eval()'d code on line 32

2020-03-28T19:30:21+00:00 CRITICAL require_once(): Failed opening required 'C:\xampp\htdocs\wordpress\wp-content\plugins\insert-php\includes\shortcodes/Wallet.php' (include_path='C:\xampp\php\PEAR') in C:\xampp\htdocs\wordpress\wp-content\plugins\insert-php\includes\shortcodes\shortcode-php.php(52) : eval()'d code on line 32

2020-03-28T19:36:33+00:00 CRITICAL require_once(): Failed opening required 'C:\xampp\htdocs\wordpress\wp-content\plugins\insert-php\includes\shortcodes/wp-content/plugins/FS_WooCommerce_Wallet/includes/Wallet.php' (include_path='C:\xampp\php\PEAR') in C:\xampp\htdocs\wordpress\wp-content\plugins\insert-php\includes\shortcodes\shortcode-php.php(52) : eval()'d code on line 32

2020-03-28T19:37:19+00:00 CRITICAL require_once(): Failed opening required 'C:\xampp\htdocs\wordpress\wp-content\plugins\insert-php\includes\shortcodes/wp-content/plugins/FS_WooCommerce_Wallet/includes/Wallet.php' (include_path='C:\xampp\php\PEAR') in C:\xampp\htdocs\wordpress\wp-content\plugins\insert-php\includes\shortcodes\shortcode-php.php(52) : eval()'d code on line 32

2020-03-28T19:37:50+00:00 CRITICAL require_once(): Failed opening required 'C:\xampp\htdocs\wordpress\wp-content\plugins\insert-php\includes\shortcodesWallet.php' (include_path='C:\xampp\php\PEAR') in C:\xampp\htdocs\wordpress\wp-content\plugins\insert-php\includes\shortcodes\shortcode-php.php(52) : eval()'d code on line 32

2020-03-28T21:30:36+00:00 CRITICAL Object of class WP_User could not be converted to string in C:\xampp\htdocs\wordpress\wp-content\plugins\insert-php\includes\shortcodes\shortcode-php.php(52) : eval()'d code on line 3

2020-03-28T21:35:56+00:00 CRITICAL Object of class WP_User could not be converted to string in C:\xampp\htdocs\wordpress\wp-content\plugins\insert-php\includes\shortcodes\shortcode-php.php(52) : eval()'d code on line 3

2020-03-28T21:39:09+00:00 CRITICAL Object of class WP_User could not be converted to string in C:\xampp\htdocs\wordpress\wp-content\themes\flatsome\page-branch-test.php on line 7

2020-03-28T21:40:22+00:00 CRITICAL Object of class WP_User could not be converted to string in C:\xampp\htdocs\wordpress\wp-content\themes\flatsome\page-branch-test.php on line 7

2020-03-28T21:40:28+00:00 CRITICAL Object of class WP_User could not be converted to string in C:\xampp\htdocs\wordpress\wp-content\themes\flatsome\page-branch-test.php on line 7

2020-03-28T21:44:12+00:00 CRITICAL Object of class WP_User could not be converted to string in C:\xampp\htdocs\wordpress\wp-content\plugins\insert-php\includes\shortcodes\shortcode-php.php(52) : eval()'d code on line 3

2020-03-28T21:44:23+00:00 CRITICAL Object of class WP_User could not be converted to string in C:\xampp\htdocs\wordpress\wp-content\plugins\insert-php\includes\shortcodes\shortcode-php.php(52) : eval()'d code on line 3

2020-03-28T21:45:01+00:00 CRITICAL Object of class WP_User could not be converted to string in C:\xampp\htdocs\wordpress\wp-content\themes\flatsome\page-branch-test.php on line 7

2020-03-28T22:01:22+00:00 CRITICAL Object of class WP_User could not be converted to string in C:\xampp\htdocs\wordpress\wp-content\plugins\insert-php\includes\shortcodes\shortcode-php.php(52) : eval()'d code on line 3

